#
# A fatal error has been detected by the Java Runtime Environment:
#
#  EXCEPTION_ACCESS_VIOLATION (0xc0000005) at pc=0x0000018162924d88, pid=20108, tid=25932
#
# JRE version: Java(TM) SE Runtime Environment (22.0.2+9) (build 22.0.2+9-70)
# Java VM: Java HotSpot(TM) 64-Bit Server VM (22.0.2+9-70, mixed mode, sharing, tiered, compressed oops, compressed class ptrs, g1 gc, windows-amd64)
# Problematic frame:
# j  java.lang.invoke.DirectMethodHandle$Holder.newInvokeSpecial(Ljava/lang/Object;)Ljava/lang/Object;+15 java.base@22.0.2
#
# No core dump will be written. Minidumps are not enabled by default on client versions of Windows
#
# If you would like to submit a bug report, please visit:
#   https://bugreport.java.com/bugreport/crash.jsp
#

---------------  S U M M A R Y ------------

Command Line: -XX:+ShowCodeDetailsInExceptionMessages -agentlib:jdwp=transport=dt_socket,suspend=y,address=localhost:2551 -ea -Dfile.encoding=UTF-8 -Dstdout.encoding=UTF-8 -Dstderr.encoding=UTF-8 org.testng.remote.RemoteTestNG -serport 2550 -protocol json -d C:\Users\chand\Desktop\kalabairava\harii\platinum for testing\Opencart121v\test-output C:\Users\chand\AppData\Local\Temp\testng-eclipse--233627016\testng-customsuite.xml

Host: AMD Ryzen 5 7520U with Radeon Graphics         , 8 cores, 7G,  Windows 11 , 64 bit Build 22621 (10.0.22621.4391)
Time: Mon Jul 21 12:18:21 2025 India Standard Time elapsed time: 89.482871 seconds (0d 0h 1m 29s)

---------------  T H R E A D  ---------------

Current thread (0x00000181516e9d50):  JavaThread "main"             [_thread_in_Java, id=25932, stack(0x0000005d8b400000,0x0000005d8b500000) (1024K)]

Stack: [0x0000005d8b400000,0x0000005d8b500000],  sp=0x0000005d8b4fe1d0,  free space=1016k
Native frames: (J=compiled Java code, j=interpreted, Vv=VM code, C=native code)
C  0x0000018162924d88  (no source info available)

The last pc belongs to invokestatic (printed below).

siginfo: EXCEPTION_ACCESS_VIOLATION (0xc0000005), reading address 0xffffffffffffffff


Registers:
RAX=0x00000181417c0c60, RBX=0x0000018141098e48, RCX=0x0000018100095610, RDX=0x0000000000000002
RSP=0x0000005d8b4fe1d0, RBP=0x0000005d8b4fe228, RSI=0x0000018145942318, RDI=0x000001814648a6f0
R8 =0x0000000000000002, R9 =0x0000000000000002, R10=0x00007ff93f2bc840, R11=0x0000018100099908
R12=0x0000000000000000, R13=0xfffffffffffffff7, R14=0x0000005d8b4fe248, R15=0x00000181516e9d50
RIP=0x0000018162924d88, EFLAGS=0x0000000000010282


Register to memory mapping:

RAX=0x00000181417c0c60 is pointing into metadata
RBX={method} {0x0000018141098e50} 'linkToSpecial' '(Ljava/lang/Object;Ljava/lang/invoke/MemberName;)V' in 'java/lang/invoke/MethodHandle'
RCX=0x0000018100095610 is pointing into metadata
RDX=0x0000000000000002 is an unknown value
RSP=0x0000005d8b4fe1d0 is pointing into the stack for thread: 0x00000181516e9d50
RBP=0x0000005d8b4fe228 is pointing into the stack for thread: 0x00000181516e9d50
RSI=0x0000018145942318 points into unknown readable memory: 0x80000300c8aab7b0 | b0 b7 aa c8 00 03 00 80
RDI=0x000001814648a6f0 points into unknown readable memory: 0x0000001800000070 | 70 00 00 00 18 00 00 00
R8 =0x0000000000000002 is an unknown value
R9 =0x0000000000000002 is an unknown value
R10=0x00007ff93f2bc840 jvm.dll
R11={method} {0x0000018100099910} 'newInvokeSpecial' '(Ljava/lang/Object;)Ljava/lang/Object;' in 'java/lang/invoke/DirectMethodHandle$Holder'
R12=0x0 is null
R13=0xfffffffffffffff7 is an unknown value
R14=0x0000005d8b4fe248 is pointing into the stack for thread: 0x00000181516e9d50
R15=0x00000181516e9d50 is a thread

Top of Stack: (sp=0x0000005d8b4fe1d0)
0x0000005d8b4fe1d0:   0000018162909214 000000009303f828
0x0000005d8b4fe1e0:   fffffffffffffff7 00000181006efd47
0x0000005d8b4fe1f0:   0000000000000004 00000181000950d0
0x0000005d8b4fe200:   00000181417c0c58 00000000925590c8
0x0000005d8b4fe210:   0000018100099908 0000000000000000
0x0000005d8b4fe220:   0000005d8b4fe250 0000005d8b4fe4e0
0x0000005d8b4fe230:   000001815b5a00f4 000000009303f780
0x0000005d8b4fe240:   000000009303f828 000000009303f7e0
0x0000005d8b4fe250:   0000018100b8fa10 0000000000000004
0x0000005d8b4fe260:   00000181003fc1e8 0000000000000000
0x0000005d8b4fe270:   000000008cd557a0 00000181003fbd28
0x0000005d8b4fe280:   0000000000000000 0000005d8b4fe2a8
0x0000005d8b4fe290:   0000005d8b4fe300 0000018162909214
0x0000005d8b4fe2a0:   0000000000000000 000000009303f810
0x0000005d8b4fe2b0:   0000000093004d90 fffffffffffffff7
0x0000005d8b4fe2c0:   0000018100b8fa20 0000000000000004
0x0000005d8b4fe2d0:   00000181003fc1e8 0000000000000000
0x0000005d8b4fe2e0:   000000008cd557a0 00000181003fbd28
0x0000005d8b4fe2f0:   0000000000000000 000000009303f810
0x0000005d8b4fe300:   000000009303f570 0000018162909214
0x0000005d8b4fe310:   0000000093004d90 000000009303f810
0x0000005d8b4fe320:   000000009303f7e0 fffffffffffffff7
0x0000005d8b4fe330:   0000018100b8fb36 0000000000000004
0x0000005d8b4fe340:   00000181003fc1e8 00000181411fbb68
0x0000005d8b4fe350:   000000008cd557a0 00000181003fbdd8
0x0000005d8b4fe360:   0000000000000000 0000005d8b4fe3a0
0x0000005d8b4fe370:   0000005d8b4fe4e0 000001815b59d4a4
0x0000005d8b4fe380:   000001815b59f29c 0000000093004d90
0x0000005d8b4fe390:   0000005d8b4fe4e0 000001815b59d642
0x0000005d8b4fe3a0:   0000018141a96348 00007ff93e864f7c
0x0000005d8b4fe3b0:   00000181452204a0 00000181451af0b0
0x0000005d8b4fe3c0:   00000181451af0b0 0000000000000001 

Instructions: (pc=0x0000018162924d88)
0x0000018162924c88:   ff d0 48 83 c4 20 ff e0 49 83 7f 08 00 0f 84 05
0x0000018162924c98:   00 00 00 e9 60 c2 fd ff 4c 8b 6d c0 4c 8b 75 c8
0x0000018162924ca8:   4e 8d 74 f5 00 c3 48 8b 4d d0 41 0f b7 55 01 48
0x0000018162924cb8:   8b 49 30 6b d2 18 48 8d 4c 11 08 48 8b 19 48 8b
0x0000018162924cc8:   5b 08 48 8b 5b 08 48 8b 5b 18 80 bb 20 01 00 00
0x0000018162924cd8:   05 0f 84 0d 00 00 00 4c 3b bb 30 01 00 00 0f 85
0x0000018162924ce8:   63 fe ff ff 0f b6 51 15 48 8b 19 4c 89 6d c0 44
0x0000018162924cf8:   8b ea 0f b6 51 14 49 ba 40 c8 2b 3f f9 7f 00 00
0x0000018162924d08:   49 8b 14 d2 52 41 8b d5 4c 8b 6d c0 48 8b 45 d8
0x0000018162924d18:   48 85 c0 0f 84 12 00 00 00 48 83 40 08 01 48 83
0x0000018162924d28:   58 08 00 48 83 c0 10 48 89 45 d8 48 8b 45 d8 48
0x0000018162924d38:   85 c0 0f 84 3d 01 00 00 80 78 f0 0a 0f 85 33 01
0x0000018162924d48:   00 00 48 83 c0 08 4c 8b 68 f8 41 83 ed 00 41 83
0x0000018162924d58:   fd 02 0f 8c 12 01 00 00 4c 8b 6b 08 45 0f b7 6d
0x0000018162924d68:   2e 4c 2b 28 41 83 ed 01 4e 8b 6c ec 08 4d 85 ed
0x0000018162924d78:   75 0e f6 40 08 01 75 58 f0 48 83 48 08 01 eb 50
0x0000018162924d88:   45 8b 6d 08 49 ba 00 00 00 00 81 01 00 00 4d 03
0x0000018162924d98:   ea 4d 8b d5 4c 33 68 08 49 f7 c5 fc ff ff ff 74
0x0000018162924da8:   2f 41 f6 c5 02 75 29 48 83 78 08 00 74 1e 48 83
0x0000018162924db8:   78 08 01 74 17 4d 8b ea 4c 33 68 08 49 f7 c5 fc
0x0000018162924dc8:   ff ff ff 74 0b 48 83 48 08 02 eb 04 4c 89 68 08
0x0000018162924dd8:   48 83 c0 10 4c 8b 68 e8 41 83 ed 02 41 83 fd 02
0x0000018162924de8:   0f 8c 84 00 00 00 4c 8b 6b 08 45 0f b7 6d 2e 4c
0x0000018162924df8:   2b 28 41 83 ed 01 4e 8b 6c ec 08 4d 85 ed 75 0e
0x0000018162924e08:   f6 40 08 01 75 58 f0 48 83 48 08 01 eb 50 45 8b
0x0000018162924e18:   6d 08 49 ba 00 00 00 00 81 01 00 00 4d 03 ea 4d
0x0000018162924e28:   8b d5 4c 33 68 08 49 f7 c5 fc ff ff ff 74 2f 41
0x0000018162924e38:   f6 c5 02 75 29 48 83 78 08 00 74 1e 48 83 78 08
0x0000018162924e48:   01 74 17 4d 8b ea 4c 33 68 08 49 f7 c5 fc ff ff
0x0000018162924e58:   ff 74 0b 48 83 48 08 02 eb 04 4c 89 68 08 48 83
0x0000018162924e68:   c0 10 4c 8b 68 d8 41 83 ed 04 41 c1 e5 03 49 03
0x0000018162924e78:   c5 48 89 45 d8 4c 8d 6c 24 08 49 8b cd 48 2b cd 


Stack slot to memory mapping:

stack at sp + 0 slots: 0x0000018162909214 is at code_begin+3476 in an Interpreter codelet
return entry points  [0x0000018162908480, 0x000001816290a680]  8704 bytes
stack at sp + 1 slots: 0x000000009303f828 is an oop: testCases.tcAccount_reg_page 
{0x000000009303f828} - klass: 'testCases/tcAccount_reg_page'
 - ---- fields (total size 3 words):
 - public 'driver' 'Lorg/openqa/selenium/WebDriver;' @12  null (0x00000000)
 - public 'logger' 'Lorg/apache/logging/log4j/Logger;' @16  null (0x00000000)
stack at sp + 2 slots: 0xfffffffffffffff7 is an unknown value
stack at sp + 3 slots: 0x00000181006efd47 is pointing into metadata
stack at sp + 4 slots: 0x0000000000000004 is an unknown value
stack at sp + 5 slots: 0x00000181000950d0 is pointing into metadata
stack at sp + 6 slots: 0x00000181417c0c58 is pointing into metadata
stack at sp + 7 slots: 0x00000000925590c8 is an oop: java.lang.Class 
{0x00000000925590c8} - klass: 'java/lang/Class'
 - ---- fields (total size 14 words):
 - private volatile transient 'classRedefinedCount' 'I' @12  0 (0x00000000)
 - injected 'klass' 'J' @16  1653563018392 (0x0000018100094c98)
 - injected 'array_klass' 'J' @24  0 (0x0000000000000000)
 - injected 'oop_size' 'I' @32  14 (0x0000000e)
 - injected 'static_oop_field_count' 'I' @36  0 (0x00000000)
 - private volatile transient 'cachedConstructor' 'Ljava/lang/reflect/Constructor;' @40  null (0x00000000)
 - private transient 'name' 'Ljava/lang/String;' @44  null (0x00000000)
 - private transient 'module' 'Ljava/lang/Module;' @48  a 'java/lang/Module'{0x0000000092501500} (0x92501500)
 - private final 'classLoader' 'Ljava/lang/ClassLoader;' @52  null (0x00000000)
 - private transient 'classData' 'Ljava/lang/Object;' @56  null (0x00000000)
 - private transient 'packageName' 'Ljava/lang/String;' @60  null (0x00000000)
 - private final 'componentType' 'Ljava/lang/Class;' @64  null (0x00000000)
 - private volatile transient 'reflectionData' 'Ljava/lang/ref/SoftReference;' @68  null (0x00000000)
 - private volatile transient 'genericInfo' 'Lsun/reflect/generics/repository/ClassRepository;' @72  null (0x00000000)
 - private volatile transient 'enumConstants' '[Ljava/lang/Object;' @76  null (0x00000000)
 - private volatile transient 'enumConstantDirectory' 'Ljava/util/Map;' @80  null (0x00000000)
 - private volatile transient 'annotationData' 'Ljava/lang/Class$AnnotationData;' @84  null (0x00000000)
 - private volatile transient 'annotationType' 'Lsun/reflect/annotation/AnnotationType;' @88  null (0x00000000)
 - transient 'classValueMap' 'Ljava/lang/ClassValue$ClassValueMap;' @92  null (0x00000000)
 - injected 'protection_domain' 'Ljava/lang/Object;' @96  null (0x00000000)
 - injected 'signers_name' 'Ljava/lang/Object;' @100  null (0x00000000)
 - injected 'source_file' 'Ljava/lang/Object;' @104  null (0x00000000)
 - signature: Ljava/lang/invoke/DirectMethodHandle$Holder;
 - ---- static fields (0):

invokestatic  184 invokestatic  [0x0000018162924b00, 0x0000018162924ea0]  928 bytes
[MachCode]
  0x0000018162924b00: 4883 ec08 | c5fa 1104 | 24eb 1f48 | 83ec 10c5 | fb11 0424 | eb14 4883 | ec10 4889 | 0424 48c7 
  0x0000018162924b20: 4424 0800 | 0000 00eb | 0150 488b | 4dd0 410f | b755 0148 | 8b49 306b | d218 488d | 4c11 080f 
  0x0000018162924b40: b659 1681 | fbb8 0000 | 000f 8474 | 0100 00bb | b800 0000 | e805 0000 | 00e9 5001 | 0000 488b 
  0x0000018162924b60: d348 8d44 | 2408 4c89 | 6dc0 498b | cfc5 f877 | 4989 afb0 | 0300 0049 | 8987 a003 | 0000 4883 
  0x0000018162924b80: ec20 40f6 | c40f 0f84 | 1900 0000 | 4883 ec08 | 48b8 90d1 | a13e f97f | 0000 ffd0 | 4883 c408 
  0x0000018162924ba0: e90c 0000 | 0048 b890 | d1a1 3ef9 | 7f00 00ff | d048 83c4 | 2049 c787 | a003 0000 | 0000 0000 
  0x0000018162924bc0: 49c7 87b0 | 0300 0000 | 0000 0049 | c787 a803 | 0000 0000 | 0000 c5f8 | 7741 8b8f | 3405 0000 
  0x0000018162924be0: f6c1 010f | 8442 0000 | 00f6 c102 | 0f85 3900 | 0000 4883 | ec20 40f6 | c40f 0f84 | 1900 0000 
  0x0000018162924c00: 4883 ec08 | 48b8 c07b | a13e f97f | 0000 ffd0 | 4883 c408 | e90c 0000 | 0048 b8c0 | 7ba1 3ef9 
  0x0000018162924c20: 7f00 00ff | d048 83c4 | 20ff e049 | 8b8f e005 | 0000 4885 | c90f 8455 | 0000 008b | 899c 0000 
  0x0000018162924c40: 0083 f901 | 0f85 4600 | 0000 498b | 8fe0 0500 | 008b 89a0 | 0000 0048 | 83ec 2040 | f6c4 0f0f 
  0x0000018162924c60: 8419 0000 | 0048 83ec | 0848 b8b0 | 7ba1 3ef9 | 7f00 00ff | d048 83c4 | 08e9 0c00 | 0000 48b8 
  0x0000018162924c80: b07b a13e | f97f 0000 | ffd0 4883 | c420 ffe0 | 4983 7f08 | 000f 8405 | 0000 00e9 | 60c2 fdff 
  0x0000018162924ca0: 4c8b 6dc0 | 4c8b 75c8 | 4e8d 74f5 | 00c3 488b | 4dd0 410f | b755 0148 | 8b49 306b | d218 488d 
  0x0000018162924cc0: 4c11 0848 | 8b19 488b | 5b08 488b | 5b08 488b | 5b18 80bb | 2001 0000 | 050f 840d | 0000 004c 
  0x0000018162924ce0: 3bbb 3001 | 0000 0f85 | 63fe ffff | 0fb6 5115 | 488b 194c | 896d c044 | 8bea 0fb6 | 5114 49ba 
  0x0000018162924d00: 40c8 2b3f | f97f 0000 | 498b 14d2 | 5241 8bd5 | 4c8b 6dc0 | 488b 45d8 | 4885 c00f | 8412 0000 
  0x0000018162924d20: 0048 8340 | 0801 4883 | 5808 0048 | 83c0 1048 | 8945 d848 | 8b45 d848 | 85c0 0f84 | 3d01 0000 
  0x0000018162924d40: 8078 f00a | 0f85 3301 | 0000 4883 | c008 4c8b | 68f8 4183 | ed00 4183 | fd02 0f8c | 1201 0000 
  0x0000018162924d60: 4c8b 6b08 | 450f b76d | 2e4c 2b28 | 4183 ed01 | 4e8b 6cec | 084d 85ed | 750e f640 | 0801 7558 
  0x0000018162924d80: f048 8348 | 0801 eb50 | 458b 6d08 | 49ba 0000 | 0000 8101 | 0000 4d03 | ea4d 8bd5 | 4c33 6808 
  0x0000018162924da0: 49f7 c5fc | ffff ff74 | 2f41 f6c5 | 0275 2948 | 8378 0800 | 741e 4883 | 7808 0174 | 174d 8bea 
  0x0000018162924dc0: 4c33 6808 | 49f7 c5fc | ffff ff74 | 0b48 8348 | 0802 eb04 | 4c89 6808 | 4883 c010 | 4c8b 68e8 
  0x0000018162924de0: 4183 ed02 | 4183 fd02 | 0f8c 8400 | 0000 4c8b | 6b08 450f | b76d 2e4c | 2b28 4183 | ed01 4e8b 
  0x0000018162924e00: 6cec 084d | 85ed 750e | f640 0801 | 7558 f048 | 8348 0801 | eb50 458b | 6d08 49ba | 0000 0000 
  0x0000018162924e20: 8101 0000 | 4d03 ea4d | 8bd5 4c33 | 6808 49f7 | c5fc ffff | ff74 2f41 | f6c5 0275 | 2948 8378 
  0x0000018162924e40: 0800 741e | 4883 7808 | 0174 174d | 8bea 4c33 | 6808 49f7 | c5fc ffff | ff74 0b48 | 8348 0802 
  0x0000018162924e60: eb04 4c89 | 6808 4883 | c010 4c8b | 68d8 4183 | ed04 41c1 | e503 4903 | c548 8945 | d84c 8d6c 
  0x0000018162924e80: 2408 498b | cd48 2bcd | 48c1 f903 | 4889 4df0 | 4180 bfe8 | 0500 0000 | 7403 ff63 | 38ff 6350 
[/MachCode]

---------------  P R O C E S S  ---------------

Threads class SMR info:
_java_thread_list=0x0000018145261760, length=15, elements={
0x00000181516e9d50, 0x000001816fd15480, 0x000001816fd16b40, 0x000001816fd1bd80,
0x000001816fd1c7e0, 0x000001816fd1db10, 0x000001816fd20e90, 0x000001816fd27870,
0x000001816fd2a890, 0x0000018145232e70, 0x0000018145236d30, 0x0000018145240520,
0x00000181452641c0, 0x000001814526de70, 0x00000181464dfc50
}

Java Threads: ( => current thread )
=>0x00000181516e9d50 JavaThread "main"                              [_thread_in_Java, id=25932, stack(0x0000005d8b400000,0x0000005d8b500000) (1024K)]
  0x000001816fd15480 JavaThread "Reference Handler"          daemon [_thread_blocked, id=13556, stack(0x0000005d8bc00000,0x0000005d8bd00000) (1024K)]
  0x000001816fd16b40 JavaThread "Finalizer"                  daemon [_thread_blocked, id=26392, stack(0x0000005d8bd00000,0x0000005d8be00000) (1024K)]
  0x000001816fd1bd80 JavaThread "Signal Dispatcher"          daemon [_thread_blocked, id=2992, stack(0x0000005d8be00000,0x0000005d8bf00000) (1024K)]
  0x000001816fd1c7e0 JavaThread "Attach Listener"            daemon [_thread_blocked, id=3980, stack(0x0000005d8bf00000,0x0000005d8c000000) (1024K)]
  0x000001816fd1db10 JavaThread "Service Thread"             daemon [_thread_blocked, id=24668, stack(0x0000005d8c000000,0x0000005d8c100000) (1024K)]
  0x000001816fd20e90 JavaThread "Monitor Deflation Thread"   daemon [_thread_blocked, id=25148, stack(0x0000005d8c100000,0x0000005d8c200000) (1024K)]
  0x000001816fd27870 JavaThread "C2 CompilerThread0"         daemon [_thread_blocked, id=10204, stack(0x0000005d8c200000,0x0000005d8c300000) (1024K)]
  0x000001816fd2a890 JavaThread "C1 CompilerThread0"         daemon [_thread_blocked, id=25232, stack(0x0000005d8c300000,0x0000005d8c400000) (1024K)]
  0x0000018145232e70 JavaThread "JDWP Transport Listener: dt_socket" daemon [_thread_blocked, id=20864, stack(0x0000005d8c400000,0x0000005d8c500000) (1024K)]
  0x0000018145236d30 JavaThread "JDWP Event Helper Thread"   daemon [_thread_blocked, id=25108, stack(0x0000005d8c500000,0x0000005d8c600000) (1024K)]
  0x0000018145240520 JavaThread "JDWP Command Reader"        daemon [_thread_in_native, id=25220, stack(0x0000005d8c600000,0x0000005d8c700000) (1024K)]
  0x00000181452641c0 JavaThread "Notification Thread"        daemon [_thread_blocked, id=11796, stack(0x0000005d8c700000,0x0000005d8c800000) (1024K)]
  0x000001814526de70 JavaThread "Common-Cleaner"             daemon [_thread_blocked, id=26196, stack(0x0000005d8c800000,0x0000005d8c900000) (1024K)]
  0x00000181464dfc50 JavaThread "ReaderThread"                      [_thread_in_native, id=26476, stack(0x0000005d8d200000,0x0000005d8d300000) (1024K)]
Total: 15

Other Threads:
  0x000001816fcfb060 VMThread "VM Thread"                           [id=18880, stack(0x0000005d8bb00000,0x0000005d8bc00000) (1024K)]
  0x000001816fce3190 WatcherThread "VM Periodic Task Thread"        [id=23444, stack(0x0000005d8ba00000,0x0000005d8bb00000) (1024K)]
  0x000001815190a4e0 WorkerThread "GC Thread#0"                     [id=23168, stack(0x0000005d8b500000,0x0000005d8b600000) (1024K)]
  0x00000181467410a0 WorkerThread "GC Thread#1"                     [id=5104, stack(0x0000005d8ca00000,0x0000005d8cb00000) (1024K)]
  0x000001814645e740 WorkerThread "GC Thread#2"                     [id=6512, stack(0x0000005d8cb00000,0x0000005d8cc00000) (1024K)]
  0x000001814645eaf0 WorkerThread "GC Thread#3"                     [id=21968, stack(0x0000005d8cc00000,0x0000005d8cd00000) (1024K)]
  0x000001814645eea0 WorkerThread "GC Thread#4"                     [id=26544, stack(0x0000005d8cd00000,0x0000005d8ce00000) (1024K)]
  0x000001814645f250 WorkerThread "GC Thread#5"                     [id=2032, stack(0x0000005d8ce00000,0x0000005d8cf00000) (1024K)]
  0x000001814645f600 WorkerThread "GC Thread#6"                     [id=12124, stack(0x0000005d8cf00000,0x0000005d8d000000) (1024K)]
  0x00000181464605d0 WorkerThread "GC Thread#7"                     [id=23232, stack(0x0000005d8d000000,0x0000005d8d100000) (1024K)]
  0x0000018151919b90 ConcurrentGCThread "G1 Main Marker"            [id=20460, stack(0x0000005d8b600000,0x0000005d8b700000) (1024K)]
  0x000001815191aff0 WorkerThread "G1 Conc#0"                       [id=24260, stack(0x0000005d8b700000,0x0000005d8b800000) (1024K)]
  0x000001815196e4f0 ConcurrentGCThread "G1 Refine#0"               [id=13228, stack(0x0000005d8b800000,0x0000005d8b900000) (1024K)]
  0x000001816fbb5300 ConcurrentGCThread "G1 Service"                [id=23988, stack(0x0000005d8b900000,0x0000005d8ba00000) (1024K)]
Total: 14

Threads with active compile tasks:
Total: 0

VM state: not at safepoint (normal execution)

VM Mutex/Monitor currently owned by a thread: None

Heap address: 0x000000008ca00000, size: 1846 MB, Compressed Oops mode: 32-bit

CDS archive(s) mapped at: [0x0000018100000000-0x0000018100c60000-0x0000018100c60000), size 12976128, SharedBaseAddress: 0x0000018100000000, ArchiveRelocationMode: 1.
Compressed class space mapped at: 0x0000018101000000-0x0000018141000000, reserved size: 1073741824
Narrow klass base: 0x0000018100000000, Narrow klass shift: 0, Narrow klass range: 0x41000000

GC Precious Log:
 CardTable entry size: 512
 Card Set container configuration: InlinePtr #cards 5 size 8 Array Of Cards #cards 12 size 40 Howl #buckets 4 coarsen threshold 1843 Howl Bitmap #cards 512 size 80 coarsen threshold 460 Card regions per heap region 1 cards per card region 2048
 CPUs: 8 total, 8 available
 Memory: 7379M
 Large Page Support: Disabled
 NUMA Support: Disabled
 Compressed Oops: Enabled (32-bit)
 Heap Region Size: 1M
 Heap Min Capacity: 8M
 Heap Initial Capacity: 116M
 Heap Max Capacity: 1846M
 Pre-touch: Disabled
 Parallel Workers: 8
 Concurrent Workers: 2
 Concurrent Refinement Workers: 8
 Periodic GC: Disabled

Heap:
 garbage-first heap   total reserved 1890304K, committed 118784K, used 20168K [0x000000008ca00000, 0x0000000100000000)
  region size 1024K, 17 young (17408K), 3 survivors (3072K)
 Metaspace       used 12048K, committed 12352K, reserved 1114112K
  class space    used 1450K, committed 1600K, reserved 1048576K

Heap Regions: E=young(eden), S=young(survivor), O=old, HS=humongous(starts), HC=humongous(continues), CS=collection set, F=free, TAMS=top-at-mark-start, PB=parsable bottom
|   0|0x000000008ca00000, 0x000000008cb00000, 0x000000008cb00000|100%|HS|  |TAMS 0x000000008ca00000| PB 0x000000008ca00000| Complete |  0
|   1|0x000000008cb00000, 0x000000008cc00000, 0x000000008cc00000|100%| O|  |TAMS 0x000000008cb00000| PB 0x000000008cb00000| Untracked |  0
|   2|0x000000008cc00000, 0x000000008cd00000, 0x000000008cd00000|100%| O|  |TAMS 0x000000008cc00000| PB 0x000000008cc00000| Untracked |  0
|   3|0x000000008cd00000, 0x000000008cdb2010, 0x000000008ce00000| 69%| O|  |TAMS 0x000000008cd00000| PB 0x000000008cd00000| Untracked |  0
|   4|0x000000008ce00000, 0x000000008ce00000, 0x000000008cf00000|  0%| F|  |TAMS 0x000000008ce00000| PB 0x000000008ce00000| Untracked |  0
|   5|0x000000008cf00000, 0x000000008cf00000, 0x000000008d000000|  0%| F|  |TAMS 0x000000008cf00000| PB 0x000000008cf00000| Untracked |  0
|   6|0x000000008d000000, 0x000000008d000000, 0x000000008d100000|  0%| F|  |TAMS 0x000000008d000000| PB 0x000000008d000000| Untracked |  0
|   7|0x000000008d100000, 0x000000008d100000, 0x000000008d200000|  0%| F|  |TAMS 0x000000008d100000| PB 0x000000008d100000| Untracked |  0
|   8|0x000000008d200000, 0x000000008d200000, 0x000000008d300000|  0%| F|  |TAMS 0x000000008d200000| PB 0x000000008d200000| Untracked |  0
|   9|0x000000008d300000, 0x000000008d300000, 0x000000008d400000|  0%| F|  |TAMS 0x000000008d300000| PB 0x000000008d300000| Untracked |  0
|  10|0x000000008d400000, 0x000000008d400000, 0x000000008d500000|  0%| F|  |TAMS 0x000000008d400000| PB 0x000000008d400000| Untracked |  0
|  11|0x000000008d500000, 0x000000008d500000, 0x000000008d600000|  0%| F|  |TAMS 0x000000008d500000| PB 0x000000008d500000| Untracked |  0
|  12|0x000000008d600000, 0x000000008d600000, 0x000000008d700000|  0%| F|  |TAMS 0x000000008d600000| PB 0x000000008d600000| Untracked |  0
|  13|0x000000008d700000, 0x000000008d700000, 0x000000008d800000|  0%| F|  |TAMS 0x000000008d700000| PB 0x000000008d700000| Untracked |  0
|  14|0x000000008d800000, 0x000000008d800000, 0x000000008d900000|  0%| F|  |TAMS 0x000000008d800000| PB 0x000000008d800000| Untracked |  0
|  15|0x000000008d900000, 0x000000008d900000, 0x000000008da00000|  0%| F|  |TAMS 0x000000008d900000| PB 0x000000008d900000| Untracked |  0
|  16|0x000000008da00000, 0x000000008da00000, 0x000000008db00000|  0%| F|  |TAMS 0x000000008da00000| PB 0x000000008da00000| Untracked |  0
|  17|0x000000008db00000, 0x000000008db00000, 0x000000008dc00000|  0%| F|  |TAMS 0x000000008db00000| PB 0x000000008db00000| Untracked |  0
|  18|0x000000008dc00000, 0x000000008dc00000, 0x000000008dd00000|  0%| F|  |TAMS 0x000000008dc00000| PB 0x000000008dc00000| Untracked |  0
|  19|0x000000008dd00000, 0x000000008dd00000, 0x000000008de00000|  0%| F|  |TAMS 0x000000008dd00000| PB 0x000000008dd00000| Untracked |  0
|  20|0x000000008de00000, 0x000000008de00000, 0x000000008df00000|  0%| F|  |TAMS 0x000000008de00000| PB 0x000000008de00000| Untracked |  0
|  21|0x000000008df00000, 0x000000008df00000, 0x000000008e000000|  0%| F|  |TAMS 0x000000008df00000| PB 0x000000008df00000| Untracked |  0
|  22|0x000000008e000000, 0x000000008e000000, 0x000000008e100000|  0%| F|  |TAMS 0x000000008e000000| PB 0x000000008e000000| Untracked |  0
|  23|0x000000008e100000, 0x000000008e100000, 0x000000008e200000|  0%| F|  |TAMS 0x000000008e100000| PB 0x000000008e100000| Untracked |  0
|  24|0x000000008e200000, 0x000000008e200000, 0x000000008e300000|  0%| F|  |TAMS 0x000000008e200000| PB 0x000000008e200000| Untracked |  0
|  25|0x000000008e300000, 0x000000008e300000, 0x000000008e400000|  0%| F|  |TAMS 0x000000008e300000| PB 0x000000008e300000| Untracked |  0
|  26|0x000000008e400000, 0x000000008e400000, 0x000000008e500000|  0%| F|  |TAMS 0x000000008e400000| PB 0x000000008e400000| Untracked |  0
|  27|0x000000008e500000, 0x000000008e500000, 0x000000008e600000|  0%| F|  |TAMS 0x000000008e500000| PB 0x000000008e500000| Untracked |  0
|  28|0x000000008e600000, 0x000000008e600000, 0x000000008e700000|  0%| F|  |TAMS 0x000000008e600000| PB 0x000000008e600000| Untracked |  0
|  29|0x000000008e700000, 0x000000008e700000, 0x000000008e800000|  0%| F|  |TAMS 0x000000008e700000| PB 0x000000008e700000| Untracked |  0
|  30|0x000000008e800000, 0x000000008e800000, 0x000000008e900000|  0%| F|  |TAMS 0x000000008e800000| PB 0x000000008e800000| Untracked |  0
|  31|0x000000008e900000, 0x000000008e900000, 0x000000008ea00000|  0%| F|  |TAMS 0x000000008e900000| PB 0x000000008e900000| Untracked |  0
|  32|0x000000008ea00000, 0x000000008ea00000, 0x000000008eb00000|  0%| F|  |TAMS 0x000000008ea00000| PB 0x000000008ea00000| Untracked |  0
|  33|0x000000008eb00000, 0x000000008eb00000, 0x000000008ec00000|  0%| F|  |TAMS 0x000000008eb00000| PB 0x000000008eb00000| Untracked |  0
|  34|0x000000008ec00000, 0x000000008ec00000, 0x000000008ed00000|  0%| F|  |TAMS 0x000000008ec00000| PB 0x000000008ec00000| Untracked |  0
|  35|0x000000008ed00000, 0x000000008ed00000, 0x000000008ee00000|  0%| F|  |TAMS 0x000000008ed00000| PB 0x000000008ed00000| Untracked |  0
|  36|0x000000008ee00000, 0x000000008ee00000, 0x000000008ef00000|  0%| F|  |TAMS 0x000000008ee00000| PB 0x000000008ee00000| Untracked |  0
|  37|0x000000008ef00000, 0x000000008ef00000, 0x000000008f000000|  0%| F|  |TAMS 0x000000008ef00000| PB 0x000000008ef00000| Untracked |  0
|  38|0x000000008f000000, 0x000000008f000000, 0x000000008f100000|  0%| F|  |TAMS 0x000000008f000000| PB 0x000000008f000000| Untracked |  0
|  39|0x000000008f100000, 0x000000008f100000, 0x000000008f200000|  0%| F|  |TAMS 0x000000008f100000| PB 0x000000008f100000| Untracked |  0
|  40|0x000000008f200000, 0x000000008f200000, 0x000000008f300000|  0%| F|  |TAMS 0x000000008f200000| PB 0x000000008f200000| Untracked |  0
|  41|0x000000008f300000, 0x000000008f300000, 0x000000008f400000|  0%| F|  |TAMS 0x000000008f300000| PB 0x000000008f300000| Untracked |  0
|  42|0x000000008f400000, 0x000000008f400000, 0x000000008f500000|  0%| F|  |TAMS 0x000000008f400000| PB 0x000000008f400000| Untracked |  0
|  43|0x000000008f500000, 0x000000008f500000, 0x000000008f600000|  0%| F|  |TAMS 0x000000008f500000| PB 0x000000008f500000| Untracked |  0
|  44|0x000000008f600000, 0x000000008f600000, 0x000000008f700000|  0%| F|  |TAMS 0x000000008f600000| PB 0x000000008f600000| Untracked |  0
|  45|0x000000008f700000, 0x000000008f700000, 0x000000008f800000|  0%| F|  |TAMS 0x000000008f700000| PB 0x000000008f700000| Untracked |  0
|  46|0x000000008f800000, 0x000000008f800000, 0x000000008f900000|  0%| F|  |TAMS 0x000000008f800000| PB 0x000000008f800000| Untracked |  0
|  47|0x000000008f900000, 0x000000008f900000, 0x000000008fa00000|  0%| F|  |TAMS 0x000000008f900000| PB 0x000000008f900000| Untracked |  0
|  48|0x000000008fa00000, 0x000000008fa00000, 0x000000008fb00000|  0%| F|  |TAMS 0x000000008fa00000| PB 0x000000008fa00000| Untracked |  0
|  49|0x000000008fb00000, 0x000000008fb00000, 0x000000008fc00000|  0%| F|  |TAMS 0x000000008fb00000| PB 0x000000008fb00000| Untracked |  0
|  50|0x000000008fc00000, 0x000000008fc00000, 0x000000008fd00000|  0%| F|  |TAMS 0x000000008fc00000| PB 0x000000008fc00000| Untracked |  0
|  51|0x000000008fd00000, 0x000000008fd00000, 0x000000008fe00000|  0%| F|  |TAMS 0x000000008fd00000| PB 0x000000008fd00000| Untracked |  0
|  52|0x000000008fe00000, 0x000000008fe00000, 0x000000008ff00000|  0%| F|  |TAMS 0x000000008fe00000| PB 0x000000008fe00000| Untracked |  0
|  53|0x000000008ff00000, 0x000000008ff00000, 0x0000000090000000|  0%| F|  |TAMS 0x000000008ff00000| PB 0x000000008ff00000| Untracked |  0
|  54|0x0000000090000000, 0x0000000090000000, 0x0000000090100000|  0%| F|  |TAMS 0x0000000090000000| PB 0x0000000090000000| Untracked |  0
|  55|0x0000000090100000, 0x0000000090100000, 0x0000000090200000|  0%| F|  |TAMS 0x0000000090100000| PB 0x0000000090100000| Untracked |  0
|  56|0x0000000090200000, 0x0000000090200000, 0x0000000090300000|  0%| F|  |TAMS 0x0000000090200000| PB 0x0000000090200000| Untracked |  0
|  57|0x0000000090300000, 0x0000000090300000, 0x0000000090400000|  0%| F|  |TAMS 0x0000000090300000| PB 0x0000000090300000| Untracked |  0
|  58|0x0000000090400000, 0x0000000090400000, 0x0000000090500000|  0%| F|  |TAMS 0x0000000090400000| PB 0x0000000090400000| Untracked |  0
|  59|0x0000000090500000, 0x0000000090500000, 0x0000000090600000|  0%| F|  |TAMS 0x0000000090500000| PB 0x0000000090500000| Untracked |  0
|  60|0x0000000090600000, 0x0000000090600000, 0x0000000090700000|  0%| F|  |TAMS 0x0000000090600000| PB 0x0000000090600000| Untracked |  0
|  61|0x0000000090700000, 0x0000000090700000, 0x0000000090800000|  0%| F|  |TAMS 0x0000000090700000| PB 0x0000000090700000| Untracked |  0
|  62|0x0000000090800000, 0x0000000090800000, 0x0000000090900000|  0%| F|  |TAMS 0x0000000090800000| PB 0x0000000090800000| Untracked |  0
|  63|0x0000000090900000, 0x0000000090900000, 0x0000000090a00000|  0%| F|  |TAMS 0x0000000090900000| PB 0x0000000090900000| Untracked |  0
|  64|0x0000000090a00000, 0x0000000090a00000, 0x0000000090b00000|  0%| F|  |TAMS 0x0000000090a00000| PB 0x0000000090a00000| Untracked |  0
|  65|0x0000000090b00000, 0x0000000090b00000, 0x0000000090c00000|  0%| F|  |TAMS 0x0000000090b00000| PB 0x0000000090b00000| Untracked |  0
|  66|0x0000000090c00000, 0x0000000090c00000, 0x0000000090d00000|  0%| F|  |TAMS 0x0000000090c00000| PB 0x0000000090c00000| Untracked |  0
|  67|0x0000000090d00000, 0x0000000090d00000, 0x0000000090e00000|  0%| F|  |TAMS 0x0000000090d00000| PB 0x0000000090d00000| Untracked |  0
|  68|0x0000000090e00000, 0x0000000090e00000, 0x0000000090f00000|  0%| F|  |TAMS 0x0000000090e00000| PB 0x0000000090e00000| Untracked |  0
|  69|0x0000000090f00000, 0x0000000090f00000, 0x0000000091000000|  0%| F|  |TAMS 0x0000000090f00000| PB 0x0000000090f00000| Untracked |  0
|  70|0x0000000091000000, 0x0000000091000000, 0x0000000091100000|  0%| F|  |TAMS 0x0000000091000000| PB 0x0000000091000000| Untracked |  0
|  71|0x0000000091100000, 0x0000000091100000, 0x0000000091200000|  0%| F|  |TAMS 0x0000000091100000| PB 0x0000000091100000| Untracked |  0
|  72|0x0000000091200000, 0x0000000091200000, 0x0000000091300000|  0%| F|  |TAMS 0x0000000091200000| PB 0x0000000091200000| Untracked |  0
|  73|0x0000000091300000, 0x0000000091300000, 0x0000000091400000|  0%| F|  |TAMS 0x0000000091300000| PB 0x0000000091300000| Untracked |  0
|  74|0x0000000091400000, 0x0000000091400000, 0x0000000091500000|  0%| F|  |TAMS 0x0000000091400000| PB 0x0000000091400000| Untracked |  0
|  75|0x0000000091500000, 0x0000000091500000, 0x0000000091600000|  0%| F|  |TAMS 0x0000000091500000| PB 0x0000000091500000| Untracked |  0
|  76|0x0000000091600000, 0x0000000091600000, 0x0000000091700000|  0%| F|  |TAMS 0x0000000091600000| PB 0x0000000091600000| Untracked |  0
|  77|0x0000000091700000, 0x0000000091700000, 0x0000000091800000|  0%| F|  |TAMS 0x0000000091700000| PB 0x0000000091700000| Untracked |  0
|  78|0x0000000091800000, 0x0000000091800000, 0x0000000091900000|  0%| F|  |TAMS 0x0000000091800000| PB 0x0000000091800000| Untracked |  0
|  79|0x0000000091900000, 0x0000000091900000, 0x0000000091a00000|  0%| F|  |TAMS 0x0000000091900000| PB 0x0000000091900000| Untracked |  0
|  80|0x0000000091a00000, 0x0000000091a00000, 0x0000000091b00000|  0%| F|  |TAMS 0x0000000091a00000| PB 0x0000000091a00000| Untracked |  0
|  81|0x0000000091b00000, 0x0000000091b00000, 0x0000000091c00000|  0%| F|  |TAMS 0x0000000091b00000| PB 0x0000000091b00000| Untracked |  0
|  82|0x0000000091c00000, 0x0000000091c00000, 0x0000000091d00000|  0%| F|  |TAMS 0x0000000091c00000| PB 0x0000000091c00000| Untracked |  0
|  83|0x0000000091d00000, 0x0000000091d00000, 0x0000000091e00000|  0%| F|  |TAMS 0x0000000091d00000| PB 0x0000000091d00000| Untracked |  0
|  84|0x0000000091e00000, 0x0000000091e00000, 0x0000000091f00000|  0%| F|  |TAMS 0x0000000091e00000| PB 0x0000000091e00000| Untracked |  0
|  85|0x0000000091f00000, 0x0000000091f00000, 0x0000000092000000|  0%| F|  |TAMS 0x0000000091f00000| PB 0x0000000091f00000| Untracked |  0
|  86|0x0000000092000000, 0x0000000092000000, 0x0000000092100000|  0%| F|  |TAMS 0x0000000092000000| PB 0x0000000092000000| Untracked |  0
|  87|0x0000000092100000, 0x0000000092100000, 0x0000000092200000|  0%| F|  |TAMS 0x0000000092100000| PB 0x0000000092100000| Untracked |  0
|  88|0x0000000092200000, 0x0000000092200000, 0x0000000092300000|  0%| F|  |TAMS 0x0000000092200000| PB 0x0000000092200000| Untracked |  0
|  89|0x0000000092300000, 0x0000000092400000, 0x0000000092400000|100%| S|CS|TAMS 0x0000000092300000| PB 0x0000000092300000| Complete |  0
|  90|0x0000000092400000, 0x0000000092500000, 0x0000000092500000|100%| S|CS|TAMS 0x0000000092400000| PB 0x0000000092400000| Complete |  0
|  91|0x0000000092500000, 0x0000000092600000, 0x0000000092600000|100%| S|CS|TAMS 0x0000000092500000| PB 0x0000000092500000| Complete |  0
|  92|0x0000000092600000, 0x0000000092600000, 0x0000000092700000|  0%| F|  |TAMS 0x0000000092600000| PB 0x0000000092600000| Untracked |  0
|  93|0x0000000092700000, 0x0000000092700000, 0x0000000092800000|  0%| F|  |TAMS 0x0000000092700000| PB 0x0000000092700000| Untracked |  0
|  94|0x0000000092800000, 0x0000000092800000, 0x0000000092900000|  0%| F|  |TAMS 0x0000000092800000| PB 0x0000000092800000| Untracked |  0
|  95|0x0000000092900000, 0x0000000092900000, 0x0000000092a00000|  0%| F|  |TAMS 0x0000000092900000| PB 0x0000000092900000| Untracked |  0
|  96|0x0000000092a00000, 0x0000000092a00000, 0x0000000092b00000|  0%| F|  |TAMS 0x0000000092a00000| PB 0x0000000092a00000| Untracked |  0
|  97|0x0000000092b00000, 0x0000000092b00000, 0x0000000092c00000|  0%| F|  |TAMS 0x0000000092b00000| PB 0x0000000092b00000| Untracked |  0
|  98|0x0000000092c00000, 0x0000000092c00000, 0x0000000092d00000|  0%| F|  |TAMS 0x0000000092c00000| PB 0x0000000092c00000| Untracked |  0
|  99|0x0000000092d00000, 0x0000000092d00000, 0x0000000092e00000|  0%| F|  |TAMS 0x0000000092d00000| PB 0x0000000092d00000| Untracked |  0
| 100|0x0000000092e00000, 0x0000000092e00000, 0x0000000092f00000|  0%| F|  |TAMS 0x0000000092e00000| PB 0x0000000092e00000| Untracked |  0
| 101|0x0000000092f00000, 0x0000000092f00000, 0x0000000093000000|  0%| F|  |TAMS 0x0000000092f00000| PB 0x0000000092f00000| Untracked |  0
| 102|0x0000000093000000, 0x00000000930a0060, 0x0000000093100000| 62%| E|  |TAMS 0x0000000093000000| PB 0x0000000093000000| Complete |  0
| 103|0x0000000093100000, 0x0000000093200000, 0x0000000093200000|100%| E|CS|TAMS 0x0000000093100000| PB 0x0000000093100000| Complete |  0
| 104|0x0000000093200000, 0x0000000093300000, 0x0000000093300000|100%| E|CS|TAMS 0x0000000093200000| PB 0x0000000093200000| Complete |  0
| 105|0x0000000093300000, 0x0000000093400000, 0x0000000093400000|100%| E|CS|TAMS 0x0000000093300000| PB 0x0000000093300000| Complete |  0
| 106|0x0000000093400000, 0x0000000093500000, 0x0000000093500000|100%| E|CS|TAMS 0x0000000093400000| PB 0x0000000093400000| Complete |  0
| 107|0x0000000093500000, 0x0000000093600000, 0x0000000093600000|100%| E|CS|TAMS 0x0000000093500000| PB 0x0000000093500000| Complete |  0
| 108|0x0000000093600000, 0x0000000093700000, 0x0000000093700000|100%| E|CS|TAMS 0x0000000093600000| PB 0x0000000093600000| Complete |  0
| 109|0x0000000093700000, 0x0000000093800000, 0x0000000093800000|100%| E|CS|TAMS 0x0000000093700000| PB 0x0000000093700000| Complete |  0
| 110|0x0000000093800000, 0x0000000093900000, 0x0000000093900000|100%| E|CS|TAMS 0x0000000093800000| PB 0x0000000093800000| Complete |  0
| 111|0x0000000093900000, 0x0000000093a00000, 0x0000000093a00000|100%| E|CS|TAMS 0x0000000093900000| PB 0x0000000093900000| Complete |  0
| 112|0x0000000093a00000, 0x0000000093b00000, 0x0000000093b00000|100%| E|CS|TAMS 0x0000000093a00000| PB 0x0000000093a00000| Complete |  0
| 113|0x0000000093b00000, 0x0000000093c00000, 0x0000000093c00000|100%| E|CS|TAMS 0x0000000093b00000| PB 0x0000000093b00000| Complete |  0
| 114|0x0000000093c00000, 0x0000000093d00000, 0x0000000093d00000|100%| E|CS|TAMS 0x0000000093c00000| PB 0x0000000093c00000| Complete |  0
| 115|0x0000000093d00000, 0x0000000093e00000, 0x0000000093e00000|100%| E|CS|TAMS 0x0000000093d00000| PB 0x0000000093d00000| Complete |  0

Card table byte_map: [0x000001816b1f0000,0x000001816b590000] _byte_map_base: 0x000001816ad8b000

Marking Bits: (CMBitMap*) 0x000001815190abf0
 Bits: [0x000001816b590000, 0x000001816d268000)

Polling page: 0x0000018151970000

Metaspace:

Usage:
  Non-class:     10.35 MB used.
      Class:      1.42 MB used.
       Both:     11.77 MB used.

Virtual space:
  Non-class space:       64.00 MB reserved,      10.50 MB ( 16%) committed,  1 nodes.
      Class space:        1.00 GB reserved,       1.56 MB ( <1%) committed,  1 nodes.
             Both:        1.06 GB reserved,      12.06 MB (  1%) committed. 

Chunk freelists:
   Non-Class:  5.42 MB
       Class:  14.36 MB
        Both:  19.78 MB

MaxMetaspaceSize: unlimited
CompressedClassSpaceSize: 1.00 GB
Initial GC threshold: 21.00 MB
Current GC threshold: 21.00 MB
CDS: on
 - commit_granule_bytes: 65536.
 - commit_granule_words: 8192.
 - virtual_space_node_default_size: 8388608.
 - enlarge_chunks_in_place: 1.
 - use_allocation_guard: 0.


Internal statistics:

num_allocs_failed_limit: 0.
num_arena_births: 248.
num_arena_deaths: 0.
num_vsnodes_births: 2.
num_vsnodes_deaths: 0.
num_space_committed: 193.
num_space_uncommitted: 0.
num_chunks_returned_to_freelist: 0.
num_chunks_taken_from_freelist: 572.
num_chunk_merges: 0.
num_chunk_splits: 358.
num_chunks_enlarged: 230.
num_inconsistent_stats: 0.

CodeHeap 'non-profiled nmethods': size=120000Kb used=729Kb max_used=729Kb free=119270Kb
 bounds [0x0000018162ea0000, 0x0000018163110000, 0x000001816a3d0000]
CodeHeap 'profiled nmethods': size=120000Kb used=3306Kb max_used=3306Kb free=116694Kb
 bounds [0x000001815b3d0000, 0x000001815b710000, 0x0000018162900000]
CodeHeap 'non-nmethods': size=5760Kb used=1543Kb max_used=1560Kb free=4216Kb
 bounds [0x0000018162900000, 0x0000018162b70000, 0x0000018162ea0000]
 total_blobs=2340 nmethods=1786 adapters=458
 compilation: enabled
              stopped_count=0, restarted_count=0
 full_count=0

Compilation events (20 events):
Event: 2.020 Thread 0x000001816fd2a890 nmethod 1773 0x000001815b705190 code [0x000001815b7053e0, 0x000001815b705da8]
Event: 2.020 Thread 0x000001816fd2a890 1774       1       java.lang.reflect.Constructor::getRoot (5 bytes)
Event: 2.020 Thread 0x000001816fd2a890 nmethod 1774 0x0000018162f53410 code [0x0000018162f535a0, 0x0000018162f53668]
Event: 2.020 Thread 0x000001816fd2a890 1775       3       java.util.HashSet::<init> (16 bytes)
Event: 2.020 Thread 0x000001816fd2a890 nmethod 1775 0x000001815b706190 code [0x000001815b706360, 0x000001815b706768]
Event: 2.020 Thread 0x000001816fd2a890 1776       3       java.lang.reflect.Method::getRoot (5 bytes)
Event: 2.020 Thread 0x000001816fd2a890 nmethod 1776 0x000001815b706910 code [0x000001815b706aa0, 0x000001815b706bc0]
Event: 2.020 Thread 0x000001816fd2a890 1777       3       java.util.stream.Sink$ChainedReference::<init> (16 bytes)
Event: 2.021 Thread 0x000001816fd2a890 nmethod 1777 0x000001815b706c90 code [0x000001815b706e60, 0x000001815b707280]
Event: 2.021 Thread 0x000001816fd2a890 1778       3       java.util.HashMap::computeIfAbsent (330 bytes)
Event: 2.022 Thread 0x000001816fd2a890 nmethod 1778 0x000001815b707410 code [0x000001815b707740, 0x000001815b708d58]
Event: 2.022 Thread 0x000001816fd2a890 1779       3       java.util.HashSet::iterator (13 bytes)
Event: 2.022 Thread 0x000001816fd2a890 nmethod 1779 0x000001815b709510 code [0x000001815b7096c0, 0x000001815b709960]
Event: 2.022 Thread 0x000001816fd2a890 1780       3       java.util.HashMap::keySet (25 bytes)
Event: 2.022 Thread 0x000001816fd2a890 nmethod 1780 0x000001815b709a90 code [0x000001815b709c60, 0x000001815b70a030]
Event: 2.025 Thread 0x000001816fd27870 nmethod 1752 0x0000018162f53a10 code [0x0000018162f53c40, 0x0000018162f55028]
Event: 2.030 Thread 0x000001816fd2a890 1783       3       jdk.internal.org.objectweb.asm.FieldWriter::visitEnd (1 bytes)
Event: 2.030 Thread 0x000001816fd2a890 nmethod 1783 0x000001815b70a190 code [0x000001815b70a320, 0x000001815b70a428]
Event: 2.032 Thread 0x000001816fd2a890 1787       3       java.lang.reflect.Modifier::isAbstract (14 bytes)
Event: 2.032 Thread 0x000001816fd2a890 nmethod 1787 0x000001815b70a490 code [0x000001815b70a620, 0x000001815b70a768]

GC Heap History (2 events):
Event: 1.294 GC heap before
{Heap before GC invocations=0 (full 0):
 garbage-first heap   total reserved 1890304K, committed 118784K, used 24576K [0x000000008ca00000, 0x0000000100000000)
  region size 1024K, 24 young (24576K), 0 survivors (0K)
 Metaspace       used 7729K, committed 8000K, reserved 1114112K
  class space    used 890K, committed 1024K, reserved 1048576K
}
Event: 1.303 GC heap after
{Heap after GC invocations=1 (full 0):
 garbage-first heap   total reserved 1890304K, committed 118784K, used 6856K [0x000000008ca00000, 0x0000000100000000)
  region size 1024K, 3 young (3072K), 3 survivors (3072K)
 Metaspace       used 7729K, committed 8000K, reserved 1114112K
  class space    used 890K, committed 1024K, reserved 1048576K
}

Dll operation events (10 events):
Event: 0.020 Loaded shared library C:\Program Files\Java\jdk-22\bin\java.dll
Event: 0.081 Loaded shared library C:\Program Files\Java\jdk-22\bin\jsvml.dll
Event: 0.439 Loaded shared library C:\Program Files\Java\jdk-22\bin\net.dll
Event: 0.441 Loaded shared library C:\Program Files\Java\jdk-22\bin\nio.dll
Event: 0.447 Loaded shared library C:\Program Files\Java\jdk-22\bin\zip.dll
Event: 0.646 Loaded shared library C:\Program Files\Java\jdk-22\bin\jimage.dll
Event: 0.685 Loaded shared library C:\Program Files\Java\jdk-22\bin\verify.dll
Event: 1.047 Loaded shared library C:\Program Files\Java\jdk-22\bin\management.dll
Event: 1.053 Loaded shared library C:\Program Files\Java\jdk-22\bin\management_ext.dll
Event: 1.631 Loaded shared library C:\Program Files\Java\jdk-22\bin\extnet.dll

Deoptimization events (20 events):
Event: 1.843 Thread 0x00000181516e9d50 DEOPT PACKING pc=0x0000018162f31404 sp=0x0000005d8b4fe8d0
Event: 1.843 Thread 0x00000181516e9d50 DEOPT UNPACKING pc=0x00000181629546a2 sp=0x0000005d8b4fe880 mode 2
Event: 1.893 Thread 0x00000181516e9d50 Uncommon trap: trap_request=0xffffff45 fr.pc=0x0000018162f36294 relative=0x00000000000024f4
Event: 1.893 Thread 0x00000181516e9d50 Uncommon trap: reason=unstable_if action=reinterpret pc=0x0000018162f36294 method=jdk.internal.org.objectweb.asm.Frame.execute(IILjdk/internal/org/objectweb/asm/Symbol;Ljdk/internal/org/objectweb/asm/SymbolTable;)V @ 1 c2
Event: 1.893 Thread 0x00000181516e9d50 DEOPT PACKING pc=0x0000018162f36294 sp=0x0000005d8b4fe240
Event: 1.893 Thread 0x00000181516e9d50 DEOPT UNPACKING pc=0x00000181629546a2 sp=0x0000005d8b4fe1c8 mode 2
Event: 1.984 Thread 0x00000181516e9d50 Uncommon trap: trap_request=0xffffffde fr.pc=0x0000018162f21b88 relative=0x00000000000009e8
Event: 1.984 Thread 0x00000181516e9d50 Uncommon trap: reason=class_check action=maybe_recompile pc=0x0000018162f21b88 method=java.util.HashMap.putVal(ILjava/lang/Object;Ljava/lang/Object;ZZ)Ljava/lang/Object; @ 91 c2
Event: 1.984 Thread 0x00000181516e9d50 DEOPT PACKING pc=0x0000018162f21b88 sp=0x0000005d8b4fe700
Event: 1.984 Thread 0x00000181516e9d50 DEOPT UNPACKING pc=0x00000181629546a2 sp=0x0000005d8b4fe640 mode 2
Event: 1.984 Thread 0x00000181516e9d50 Uncommon trap: trap_request=0xffffffde fr.pc=0x0000018162f21b88 relative=0x00000000000009e8
Event: 1.984 Thread 0x00000181516e9d50 Uncommon trap: reason=class_check action=maybe_recompile pc=0x0000018162f21b88 method=java.util.HashMap.putVal(ILjava/lang/Object;Ljava/lang/Object;ZZ)Ljava/lang/Object; @ 91 c2
Event: 1.984 Thread 0x00000181516e9d50 DEOPT PACKING pc=0x0000018162f21b88 sp=0x0000005d8b4fe700
Event: 1.984 Thread 0x00000181516e9d50 DEOPT UNPACKING pc=0x00000181629546a2 sp=0x0000005d8b4fe640 mode 2
Event: 1.987 Thread 0x00000181516e9d50 Uncommon trap: trap_request=0xffffff45 fr.pc=0x0000018162f202f8 relative=0x0000000000000338
Event: 1.987 Thread 0x00000181516e9d50 Uncommon trap: reason=unstable_if action=reinterpret pc=0x0000018162f202f8 method=java.util.HashMap.getNode(Ljava/lang/Object;)Ljava/util/HashMap$Node; @ 66 c2
Event: 1.987 Thread 0x00000181516e9d50 DEOPT PACKING pc=0x0000018162f202f8 sp=0x0000005d8b4fe6a0
Event: 1.987 Thread 0x00000181516e9d50 DEOPT UNPACKING pc=0x00000181629546a2 sp=0x0000005d8b4fe630 mode 2
Event: 89.432 Thread 0x00000181516e9d50 DEOPT PACKING pc=0x000001815b675bdc sp=0x0000005d8b4fe1e0
Event: 89.432 Thread 0x00000181516e9d50 DEOPT UNPACKING pc=0x0000018162954e42 sp=0x0000005d8b4fd698 mode 0

Classes loaded (20 events):
Event: 1.974 Loading class java/util/regex/Pattern$SliceS
Event: 1.975 Loading class java/util/regex/Pattern$SliceS done
Event: 1.981 Loading class java/lang/Class$2
Event: 1.981 Loading class java/lang/Class$2 done
Event: 1.986 Loading class java/util/stream/Nodes$SpinedNodeBuilder
Event: 1.986 Loading class java/util/stream/SpinedBuffer
Event: 1.986 Loading class java/util/stream/AbstractSpinedBuffer
Event: 1.986 Loading class java/util/stream/AbstractSpinedBuffer done
Event: 1.986 Loading class java/util/stream/SpinedBuffer done
Event: 1.986 Loading class java/util/stream/Nodes$SpinedNodeBuilder done
Event: 1.989 Loading class java/lang/TypeNotPresentException
Event: 1.989 Loading class java/lang/TypeNotPresentException done
Event: 2.002 Loading class java/util/LinkedList$Node
Event: 2.002 Loading class java/util/LinkedList$Node done
Event: 2.013 Loading class java/lang/Package$1PackageInfoProxy
Event: 2.013 Loading class java/lang/Package$1PackageInfoProxy done
Event: 2.013 Loading class jdk/internal/vm/annotation/IntrinsicCandidate
Event: 2.014 Loading class jdk/internal/vm/annotation/IntrinsicCandidate done
Event: 2.032 Loading class java/lang/invoke/WrongMethodTypeException
Event: 2.032 Loading class java/lang/invoke/WrongMethodTypeException done

Classes unloaded (0 events):
No events

Classes redefined (1 events):
Event: 89.455 Thread 0x000001816fcfb060 redefined class name=testCases.tcAccount_reg_page, count=1

Internal exceptions (20 events):
Event: 1.021 Thread 0x00000181516e9d50 Exception <a 'java/lang/NoSuchMethodError'{0x0000000092bbc920}: 'java.lang.Object java.lang.invoke.DirectMethodHandle$Holder.newInvokeSpecial(java.lang.Object, long, int, java.lang.Object)'> (0x0000000092bbc920) 
thrown [s\open\src\hotspot\share\interpreter\linkResolver.cpp, line 774]
Event: 1.238 Thread 0x00000181516e9d50 Exception <a 'java/lang/NoSuchMethodError'{0x00000000927b4a68}: 'java.lang.Object java.lang.invoke.DirectMethodHandle$Holder.newInvokeSpecial(java.lang.Object, java.lang.Object, java.lang.Object, java.lang.Object, java.lang.Object)'> (0x00000000927b4a68) 
thrown [s\open\src\hotspot\share\interpreter\linkResolver.cpp, line 774]
Event: 1.270 Thread 0x00000181516e9d50 Exception <a 'java/lang/NoSuchMethodError'{0x000000009266a168}: 'java.lang.Object java.lang.invoke.Invokers$Holder.invokeExact_MT(java.lang.Object, java.lang.Object, java.lang.Object, java.lang.Object, java.lang.Object)'> (0x000000009266a168) 
thrown [s\open\src\hotspot\share\interpreter\linkResolver.cpp, line 774]
Event: 1.465 Thread 0x00000181516e9d50 Exception <a 'java/lang/NoSuchMethodError'{0x0000000093c78280}: 'long java.lang.invoke.DirectMethodHandle$Holder.invokeInterface(java.lang.Object, java.lang.Object)'> (0x0000000093c78280) 
thrown [s\open\src\hotspot\share\interpreter\linkResolver.cpp, line 774]
Event: 1.485 Thread 0x00000181516e9d50 Exception <a 'java/lang/NoSuchMethodError'{0x0000000093cde390}: 'void java.lang.invoke.DirectMethodHandle$Holder.invokeStaticInit(java.lang.Object, java.lang.Object, java.lang.Object, java.lang.Object)'> (0x0000000093cde390) 
thrown [s\open\src\hotspot\share\interpreter\linkResolver.cpp, line 774]
Event: 1.488 Thread 0x00000181516e9d50 Exception <a 'java/lang/NoSuchMethodError'{0x0000000093ce8308}: 'void java.lang.invoke.DirectMethodHandle$Holder.invokeStaticInit(java.lang.Object, java.lang.Object, java.lang.Object, java.lang.Object, java.lang.Object)'> (0x0000000093ce8308) 
thrown [s\open\src\hotspot\share\interpreter\linkResolver.cpp, line 774]
Event: 1.540 Thread 0x00000181516e9d50 Exception <a 'sun/nio/fs/WindowsException'{0x0000000093a4cf68}> (0x0000000093a4cf68) 
thrown [s\open\src\hotspot\share\prims\jni.cpp, line 520]
Event: 1.599 Thread 0x00000181516e9d50 Exception <a 'java/lang/NoSuchMethodError'{0x00000000939eda90}: 'void java.lang.invoke.DirectMethodHandle$Holder.invokeVirtual(java.lang.Object, java.lang.Object, int)'> (0x00000000939eda90) 
thrown [s\open\src\hotspot\share\interpreter\linkResolver.cpp, line 774]
Event: 1.600 Thread 0x00000181516e9d50 Exception <a 'java/lang/NoSuchMethodError'{0x00000000939f5948}: 'void java.lang.invoke.DirectMethodHandle$Holder.invokeSpecial(java.lang.Object, java.lang.Object, java.lang.Object)'> (0x00000000939f5948) 
thrown [s\open\src\hotspot\share\interpreter\linkResolver.cpp, line 774]
Event: 1.716 Thread 0x00000181516e9d50 Exception <a 'java/lang/ClassNotFoundException'{0x00000000937594e0}: com/sun/org/apache/xerces/internal/impl/msg/spi/SAXMessagesProvider> (0x00000000937594e0) 
thrown [s\open\src\hotspot\share\classfile\systemDictionary.cpp, line 313]
Event: 1.773 Thread 0x00000181516e9d50 Exception <a 'java/lang/NoSuchMethodError'{0x00000000937f7128}: 'java.lang.Object java.lang.invoke.DirectMethodHandle$Holder.invokeStaticInit(java.lang.Object, int, int, int, int)'> (0x00000000937f7128) 
thrown [s\open\src\hotspot\share\interpreter\linkResolver.cpp, line 774]
Event: 1.806 Thread 0x00000181516e9d50 Exception <a 'java/lang/NoSuchMethodError'{0x00000000936ba510}: 'java.lang.Object java.lang.invoke.DirectMethodHandle$Holder.invokeStaticInit(java.lang.Object, java.lang.Object, int, int, int, int)'> (0x00000000936ba510) 
thrown [s\open\src\hotspot\share\interpreter\linkResolver.cpp, line 774]
Event: 1.927 Thread 0x00000181516e9d50 Exception <a 'java/lang/NoSuchMethodError'{0x00000000933b48a8}: 'int java.lang.invoke.DirectMethodHandle$Holder.invokeVirtual(java.lang.Object, java.lang.Object)'> (0x00000000933b48a8) 
thrown [s\open\src\hotspot\share\interpreter\linkResolver.cpp, line 774]
Event: 1.952 Thread 0x00000181516e9d50 Exception <a 'java/lang/NoSuchMethodError'{0x000000009324b050}: 'java.lang.Object java.lang.invoke.DirectMethodHandle$Holder.invokeSpecial(java.lang.Object, java.lang.Object, java.lang.Object, int, java.lang.Object)'> (0x000000009324b050) 
thrown [s\open\src\hotspot\share\interpreter\linkResolver.cpp, line 774]
Event: 1.959 Thread 0x00000181516e9d50 Exception <a 'java/lang/NoSuchMethodError'{0x0000000093261a48}: 'int java.lang.invoke.DirectMethodHandle$Holder.invokeStaticInit(java.lang.Object, java.lang.Object, java.lang.Object)'> (0x0000000093261a48) 
thrown [s\open\src\hotspot\share\interpreter\linkResolver.cpp, line 774]
Event: 2.008 Thread 0x00000181516e9d50 Exception <a 'java/lang/IncompatibleClassChangeError'{0x0000000093197710}: Found class java.lang.Object, but interface was expected> (0x0000000093197710) 
thrown [s\open\src\hotspot\share\interpreter\linkResolver.cpp, line 841]
Event: 2.010 Thread 0x00000181516e9d50 Exception <a 'java/lang/NoSuchMethodError'{0x00000000931a3320}: 'java.lang.Object java.lang.invoke.DirectMethodHandle$Holder.newInvokeSpecial(java.lang.Object, java.lang.Object, java.lang.Object, java.lang.Object, java.lang.Object, java.lang.Object, java.lang.Object, java.lang.Object, java.lang.Object)'> (0x00000000931a3320) 
thrown [s\open\src\hotspot\share\interpreter\linkResolver.cpp, line 774]
Event: 2.023 Thread 0x00000181516e9d50 Exception <a 'java/lang/NoSuchMethodError'{0x00000000931f15a0}: 'java.lang.Object java.lang.invoke.DirectMethodHandle$Holder.newInvokeSpecial(java.lang.Object, java.lang.Object, java.lang.Object, java.lang.Object, java.lang.Object, java.lang.Object, java.lang.Object)'> (0x00000000931f15a0) 
thrown [s\open\src\hotspot\share\interpreter\linkResolver.cpp, line 774]
Event: 2.029 Thread 0x00000181516e9d50 Exception <a 'java/lang/NoSuchMethodError'{0x000000009302a820}: 'java.lang.Object java.lang.invoke.DirectMethodHandle$Holder.invokeStatic(java.lang.Object, int, java.lang.Object, java.lang.Object)'> (0x000000009302a820) 
thrown [s\open\src\hotspot\share\interpreter\linkResolver.cpp, line 774]
Event: 2.030 Thread 0x00000181516e9d50 Exception <a 'java/lang/NoSuchMethodError'{0x0000000093031128}: 'java.lang.Object java.lang.invoke.DirectMethodHandle$Holder.newInvokeSpecial(java.lang.Object, int, java.lang.Object)'> (0x0000000093031128) 
thrown [s\open\src\hotspot\share\interpreter\linkResolver.cpp, line 774]

ZGC Phase Switch (0 events):
No events

VM Operations (20 events):
Event: 14.757 Executing VM operation: get/set locals
Event: 14.757 Executing VM operation: get/set locals done
Event: 14.759 Executing VM operation: get/set locals
Event: 14.759 Executing VM operation: get/set locals done
Event: 14.761 Executing VM operation: get/set locals
Event: 14.761 Executing VM operation: get/set locals done
Event: 14.762 Executing VM operation: get/set locals
Event: 14.763 Executing VM operation: get/set locals done
Event: 14.765 Executing VM operation: get/set locals
Event: 14.765 Executing VM operation: get/set locals done
Event: 14.767 Executing VM operation: get/set locals
Event: 14.767 Executing VM operation: get/set locals done
Event: 89.431 Executing VM operation: ChangeSingleStep
Event: 89.431 Executing VM operation: ChangeSingleStep done
Event: 89.432 Executing VM operation: ChangeSingleStep
Event: 89.432 Executing VM operation: ChangeSingleStep done
Event: 89.450 Executing VM operation: RedefineClasses
Event: 89.467 Executing VM operation: RedefineClasses done
Event: 89.472 Executing VM operation: ChangeSingleStep
Event: 89.472 Executing VM operation: ChangeSingleStep done

Memory protections (0 events):
No events

Nmethod flushes (0 events):
No events

Events (17 events):
Event: 0.053 Thread 0x00000181516e9d50 Thread added: 0x00000181516e9d50
Event: 0.077 Thread 0x00000181516e9d50 Thread added: 0x000001816fd15480
Event: 0.077 Thread 0x00000181516e9d50 Thread added: 0x000001816fd16b40
Event: 0.077 Thread 0x00000181516e9d50 Thread added: 0x000001816fd1bd80
Event: 0.077 Thread 0x00000181516e9d50 Thread added: 0x000001816fd1c7e0
Event: 0.077 Thread 0x00000181516e9d50 Thread added: 0x000001816fd1db10
Event: 0.078 Thread 0x00000181516e9d50 Thread added: 0x000001816fd20e90
Event: 0.078 Thread 0x00000181516e9d50 Thread added: 0x000001816fd27870
Event: 0.079 Thread 0x00000181516e9d50 Thread added: 0x000001816fd2a890
Event: 0.216 Thread 0x00000181516e9d50 Thread added: 0x0000018145232e70
Event: 0.216 Thread 0x00000181516e9d50 Thread added: 0x0000018145236d30
Event: 0.217 Thread 0x0000018145232e70 Thread added: 0x0000018145240520
Event: 0.427 Thread 0x00000181516e9d50 Thread added: 0x00000181452641c0
Event: 0.433 Thread 0x00000181516e9d50 Thread added: 0x000001814526de70
Event: 0.491 Thread 0x000001816fd2a890 Thread added: 0x00000181453f16f0
Event: 1.639 Thread 0x00000181516e9d50 Thread added: 0x00000181464dfc50
Event: 7.038 Thread 0x00000181453f16f0 Thread exited: 0x00000181453f16f0


Dynamic libraries:
0x00007ff6d5f70000 - 0x00007ff6d5f80000 	C:\Program Files\Java\jdk-22\bin\javaw.exe
0x00007ffa46590000 - 0x00007ffa467a7000 	C:\Windows\SYSTEM32\ntdll.dll
0x00007ffa46210000 - 0x00007ffa462d4000 	C:\Windows\System32\KERNEL32.DLL
0x00007ffa43ce0000 - 0x00007ffa44099000 	C:\Windows\System32\KERNELBASE.dll
0x00007ffa44190000 - 0x00007ffa442a1000 	C:\Windows\System32\ucrtbase.dll
0x00007ffa36eb0000 - 0x00007ffa36ec7000 	C:\Program Files\Java\jdk-22\bin\jli.dll
0x00007ffa22fc0000 - 0x00007ffa22fdb000 	C:\Program Files\Java\jdk-22\bin\VCRUNTIME140.dll
0x00007ffa457e0000 - 0x00007ffa4598e000 	C:\Windows\System32\USER32.dll
0x00007ffa43a70000 - 0x00007ffa43a96000 	C:\Windows\System32\win32u.dll
0x00007ffa37030000 - 0x00007ffa372c2000 	C:\Windows\WinSxS\amd64_microsoft.windows.common-controls_6595b64144ccf1df_6.0.22621.4391_none_2715d37f73803e96\COMCTL32.dll
0x00007ffa45170000 - 0x00007ffa45199000 	C:\Windows\System32\GDI32.dll
0x00007ffa43aa0000 - 0x00007ffa43bbb000 	C:\Windows\System32\gdi32full.dll
0x00007ffa44ab0000 - 0x00007ffa44b57000 	C:\Windows\System32\msvcrt.dll
0x00007ffa43c40000 - 0x00007ffa43cda000 	C:\Windows\System32\msvcp_win.dll
0x00007ffa44a70000 - 0x00007ffa44aa1000 	C:\Windows\System32\IMM32.DLL
0x00007ffa3c410000 - 0x00007ffa3c41c000 	C:\Program Files\Java\jdk-22\bin\vcruntime140_1.dll
0x00007ff949790000 - 0x00007ff94981e000 	C:\Program Files\Java\jdk-22\bin\msvcp140.dll
0x00007ff93e640000 - 0x00007ff93f389000 	C:\Program Files\Java\jdk-22\bin\server\jvm.dll
0x00007ffa462e0000 - 0x00007ffa46392000 	C:\Windows\System32\ADVAPI32.dll
0x00007ffa44830000 - 0x00007ffa448d7000 	C:\Windows\System32\sechost.dll
0x00007ffa440a0000 - 0x00007ffa440c8000 	C:\Windows\System32\bcrypt.dll
0x00007ffa45050000 - 0x00007ffa45164000 	C:\Windows\System32\RPCRT4.dll
0x00007ffa44b60000 - 0x00007ffa44bd1000 	C:\Windows\System32\WS2_32.dll
0x00007ffa3b620000 - 0x00007ffa3b62a000 	C:\Windows\SYSTEM32\VERSION.dll
0x00007ffa3ef50000 - 0x00007ffa3ef84000 	C:\Windows\SYSTEM32\WINMM.dll
0x00007ffa435b0000 - 0x00007ffa435fd000 	C:\Windows\SYSTEM32\POWRPROF.dll
0x00007ffa43590000 - 0x00007ffa435a3000 	C:\Windows\SYSTEM32\UMPDC.dll
0x00007ffa42870000 - 0x00007ffa42888000 	C:\Windows\SYSTEM32\kernel.appcore.dll
0x00007ffa3c3e0000 - 0x00007ffa3c3ea000 	C:\Program Files\Java\jdk-22\bin\jimage.dll
0x00007ffa410b0000 - 0x00007ffa412e2000 	C:\Windows\SYSTEM32\DBGHELP.DLL
0x00007ffa44be0000 - 0x00007ffa44f6f000 	C:\Windows\System32\combase.dll
0x00007ffa44f70000 - 0x00007ffa45047000 	C:\Windows\System32\OLEAUT32.dll
0x00007ffa25780000 - 0x00007ffa257b2000 	C:\Windows\SYSTEM32\dbgcore.DLL
0x00007ffa43bc0000 - 0x00007ffa43c3b000 	C:\Windows\System32\bcryptPrimitives.dll
0x00007ff9fd8f0000 - 0x00007ff9fd92c000 	C:\Program Files\Java\jdk-22\bin\jdwp.dll
0x00007ffa229f0000 - 0x00007ffa22a0e000 	C:\Program Files\Java\jdk-22\bin\java.dll
0x00007ffa45990000 - 0x00007ffa46206000 	C:\Windows\System32\SHELL32.dll
0x00007ffa463a0000 - 0x00007ffa46545000 	C:\Windows\System32\ole32.dll
0x00007ffa41790000 - 0x00007ffa42093000 	C:\Windows\SYSTEM32\windows.storage.dll
0x00007ffa41650000 - 0x00007ffa4178f000 	C:\Windows\SYSTEM32\wintypes.dll
0x00007ffa442b0000 - 0x00007ffa443a9000 	C:\Windows\System32\SHCORE.dll
0x00007ffa44a10000 - 0x00007ffa44a6e000 	C:\Windows\System32\shlwapi.dll
0x00007ffa437c0000 - 0x00007ffa437eb000 	C:\Windows\SYSTEM32\profapi.dll
0x00007ff9496b0000 - 0x00007ff949787000 	C:\Program Files\Java\jdk-22\bin\jsvml.dll
0x00007ffa29c20000 - 0x00007ffa29c2c000 	C:\Program Files\Java\jdk-22\bin\dt_socket.dll
0x00007ffa42300000 - 0x00007ffa4232d000 	C:\Windows\SYSTEM32\IPHLPAPI.DLL
0x00007ffa42d50000 - 0x00007ffa42db9000 	C:\Windows\system32\mswsock.dll
0x00007ffa42330000 - 0x00007ffa42432000 	C:\Windows\SYSTEM32\DNSAPI.dll
0x00007ffa44910000 - 0x00007ffa44919000 	C:\Windows\System32\NSI.dll
0x00007ffa3f180000 - 0x00007ffa3f18a000 	C:\Windows\System32\rasadhlp.dll
0x00007ffa3ee40000 - 0x00007ffa3eec3000 	C:\Windows\System32\fwpuclnt.dll
0x00007ffa36ea0000 - 0x00007ffa36eb0000 	C:\Program Files\Java\jdk-22\bin\net.dll
0x00007ffa229d0000 - 0x00007ffa229e6000 	C:\Program Files\Java\jdk-22\bin\nio.dll
0x00007ffa22930000 - 0x00007ffa22947000 	C:\Program Files\Java\jdk-22\bin\zip.dll
0x00007ffa36d20000 - 0x00007ffa36d30000 	C:\Program Files\Java\jdk-22\bin\verify.dll
0x00007ffa3e0c0000 - 0x00007ffa3e0ca000 	C:\Program Files\Java\jdk-22\bin\management.dll
0x00007ffa3e0b0000 - 0x00007ffa3e0bb000 	C:\Program Files\Java\jdk-22\bin\management_ext.dll
0x00007ffa44640000 - 0x00007ffa44648000 	C:\Windows\System32\PSAPI.DLL
0x00007ffa22e40000 - 0x00007ffa22e57000 	C:\Windows\system32\napinsp.dll
0x00007ffa218b0000 - 0x00007ffa218cb000 	C:\Windows\system32\pnrpnsp.dll
0x00007ffa21880000 - 0x00007ffa218a7000 	C:\Windows\system32\nlansp_c.dll
0x00007ffa219a0000 - 0x00007ffa219b1000 	C:\Windows\System32\winrnr.dll
0x00007ffa21980000 - 0x00007ffa21995000 	C:\Windows\system32\wshbth.dll
0x00007ffa36b60000 - 0x00007ffa36b69000 	C:\Program Files\Java\jdk-22\bin\extnet.dll
0x00007ffa42fa0000 - 0x00007ffa42fbb000 	C:\Windows\SYSTEM32\CRYPTSP.dll
0x00007ffa42830000 - 0x00007ffa42865000 	C:\Windows\system32\rsaenh.dll
0x00007ffa42e40000 - 0x00007ffa42e68000 	C:\Windows\SYSTEM32\USERENV.dll
0x00007ffa42fc0000 - 0x00007ffa42fcc000 	C:\Windows\SYSTEM32\CRYPTBASE.dll

dbghelp: loaded successfully - version: 4.0.5 - missing functions: none
symbol engine: initialized successfully - sym options: 0x614 - pdb path: .;C:\Program Files\Java\jdk-22\bin;C:\Windows\SYSTEM32;C:\Windows\WinSxS\amd64_microsoft.windows.common-controls_6595b64144ccf1df_6.0.22621.4391_none_2715d37f73803e96;C:\Program Files\Java\jdk-22\bin\server

VM Arguments:
jvm_args: -XX:+ShowCodeDetailsInExceptionMessages -agentlib:jdwp=transport=dt_socket,suspend=y,address=localhost:2551 -ea -Dfile.encoding=UTF-8 -Dstdout.encoding=UTF-8 -Dstderr.encoding=UTF-8 
java_command: org.testng.remote.RemoteTestNG -serport 2550 -protocol json -d C:\Users\chand\Desktop\kalabairava\harii\platinum for testing\Opencart121v\test-output C:\Users\chand\AppData\Local\Temp\testng-eclipse--233627016\testng-customsuite.xml
java_class_path (initial): C:\Users\chand\eclipse\java-2024-06\eclipse\configuration\org.eclipse.osgi\694\0\.cp\lib\testng-remote.jar;C:\Users\chand\Desktop\kalabairava\harii\platinum for testing\Opencart121v\target\test-classes;C:\Users\chand\Desktop\kalabairava\harii\platinum for testing\Opencart121v\target\classes;C:\Users\chand\.m2\repository\org\seleniumhq\selenium\selenium-java\4.34.0\selenium-java-4.34.0.jar;C:\Users\chand\.m2\repository\org\seleniumhq\selenium\selenium-api\4.34.0\selenium-api-4.34.0.jar;C:\Users\chand\.m2\repository\org\jspecify\jspecify\1.0.0\jspecify-1.0.0.jar;C:\Users\chand\.m2\repository\org\seleniumhq\selenium\selenium-chrome-driver\4.34.0\selenium-chrome-driver-4.34.0.jar;C:\Users\chand\.m2\repository\com\google\auto\service\auto-service-annotations\1.1.1\auto-service-annotations-1.1.1.jar;C:\Users\chand\.m2\repository\org\seleniumhq\selenium\selenium-chromium-driver\4.34.0\selenium-chromium-driver-4.34.0.jar;C:\Users\chand\.m2\repository\org\seleniumhq\selenium\selenium-json\4.34.0\selenium-json-4.34.0.jar;C:\Users\chand\.m2\repository\org\seleniumhq\selenium\selenium-manager\4.34.0\selenium-manager-4.34.0.jar;C:\Users\chand\.m2\repository\org\seleniumhq\selenium\selenium-devtools-v136\4.34.0\selenium-devtools-v136-4.34.0.jar;C:\Users\chand\.m2\repository\org\seleniumhq\selenium\selenium-devtools-v137\4.34.0\selenium-devtools-v137-4.34.0.jar;C:\Users\chand\.m2\repository\org\seleniumhq\selenium\selenium-devtools-v138\4.34.0\selenium-devtools-v138-4.34.0.jar;C:\Users\chand\.m2\repository\org\seleniumhq\selenium\selenium-edge-driver\4.34.0\selenium-edge-driver-4.34.0.jar;C:\Users\chand\.m2\repository\org\seleniumhq\selenium\selenium-firefox-driver\4.34.0\selenium-firefox-driver-4.34.0.jar;C:\Users\chand\.m2\repository\org\seleniumhq\selenium\selenium-http\4.34.0\selenium-http-4.34.0.jar;C:\Users\chand\.m2\repository\org\seleniumhq\selenium\selenium-ie-driver\4.34.0\selenium-ie-driver-4.34.0.jar;C:\Users\chand\.m2\repository\org\seleniumhq\selenium\selenium-remote-driver\4.34.0\selenium-remote-driver-4.34.0.jar;C:\Users\chand\.m2\repository\com\google\guava\guava\33.4.8-jre\guava-33.4.8-jre.jar;C:\Users\chand\.m2\repository\com\google\guava\failureaccess\1.0.3\failureaccess-1.0.3.jar;C:\Users\chand\.m2\repository\com\google\guava\listenablefuture\9999.0-empty-to-avoid-conflict-with-guava\listenablefuture-9999.0-empty-to-avoid-conflict-with-guava.jar;C:\Users\chand\.m2\repository\com\google\errorprone\error_prone_annotations\2.36.0\error_prone_annotations-2.36.0.jar;C:\Users\chand\.m2\repository\com\google\j2objc\j2objc-annotations\3.0.0\j2objc-annotations-3.0.0.jar;C:\Users\chand\.m2\repository\io\opentelemetry\opentelemetry-api\1.51.0\opentelemetry-api-1.51.0.jar;C:\Users\chand\.m2\repository\io\opentelemetry\opentelemetry-context\1.51.0\opentelemetry-context-1.51.0.jar;C:\Users\chand\.m2\repository\io\opentelemetry\opentelemetry-exporter-logging\1.51.0\opentelemetry-exporter-logging-1.51.0.jar;C:\Users\chand\.m2\repository\io\opentelemetry\opentelemetry-sdk-common\1.51.0\opentelemetry-sdk-common-1.51.0.jar;C:\Users\chand\.m2\repository\io\opentelemetry\opentelemetry-sdk-extension-autoconfigure-spi\1.51.0\opentelemetry-sdk-extension-autoconfigure-spi-1.51.0.jar;C:\Users\chand\.m2\repository\io\opentelemetry\opentelemetry-sdk-extension-autoconfigure\1.51.0\opentelemetry-sdk-extension-autoconfigure-1.51.0.jar;C:\Users\chand\.m2\repository\io\opentelemetry\opentelemetry-sdk-trace\1.51.0\opentelemetry-sdk-trace-1.51.0.jar;C:\Users\chand\.m2\repository\io\opentelemetry\opentelemetry-sdk\1.51.0\opentelemetry-sdk-1.51.0.jar;C:\Users\chand\.m2\repository\io\opentelemetry\opentelemetry-sdk-metrics\1.51.0\opentelemetry-sdk-metrics-1.51.0.jar;C:\Users\chand\.m2\repository\io\opentelemetry\opentelemetry-sdk-logs\1.51.0\opentelemetry-sdk-logs-1.51.0.jar;C:\Users\chand\.m2\repository\net\bytebuddy\byte-buddy\1.17.6\byte-buddy-1.17.6.jar;C:\Users\chand\.m2\repository\org\seleniumhq\selenium\selenium-os\4.34.0\selenium-os-4.34.0.jar;C:\Users\chand\.m2\repository\org\apache\commons\commons-exec\1.5.0\commons-exec-1.5.0.jar;C:\Users\chand\.m2\repository\org\seleniumhq\selenium\selenium-safari-driver\4.34.0\selenium-safari-driver-4.34.0.jar;C:\Users\chand\.m2\repository\org\seleniumhq\selenium\selenium-support\4.34.0\selenium-support-4.34.0.jar;C:\Users\chand\.m2\repository\org\apache\poi\poi\5.4.1\poi-5.4.1.jar;C:\Users\chand\.m2\repository\commons-codec\commons-codec\1.18.0\commons-codec-1.18.0.jar;C:\Users\chand\.m2\repository\org\apache\commons\commons-collections4\4.4\commons-collections4-4.4.jar;C:\Users\chand\.m2\repository\org\apache\commons\commons-math3\3.6.1\commons-math3-3.6.1.jar;C:\Users\chand\.m2\repository\com\zaxxer\SparseBitSet\1.3\SparseBitSet-1.3.jar;C:\Users\chand\.m2\repository\org\apache\poi\poi-ooxml\5.4.1\poi-ooxml-5.4.1.jar;C:\Users\chand\.m2\repository\org\apache\poi\poi-ooxml-lite\5.4.1\poi-ooxml-lite-5.4.1.jar;C:\Users\chand\.m2\repository\org\apache\xmlbeans\xmlbeans\5.3.0\xmlbeans-5.3.0.jar;C:\Users\chand\.m2\repository\org\apache\commons\commons-compress\1.27.1\commons-compress-1.27.1.jar;C:\Users\chand\.m2\repository\com\github\virtuald\curvesapi\1.08\curvesapi-1.08.jar;C:\Users\chand\.m2\repository\org\apache\logging\log4j\log4j-core\2.25.1\log4j-core-2.25.1.jar;C:\Users\chand\.m2\repository\org\apache\logging\log4j\log4j-api\2.25.1\log4j-api-2.25.1.jar;C:\Users\chand\.m2\repository\org\apache\logging\log4j\log4j-slf4j-impl\2.25.1\log4j-slf4j-impl-2.25.1.jar;C:\Users\chand\.m2\repository\org\slf4j\slf4j-api\1.7.36\slf4j-api-1.7.36.jar;C:\Users\chand\.m2\repository\commons-io\commons-io\2.19.0\commons-io-2.19.0.jar;C:\Users\chand\.m2\repository\org\apache\commons\commons-lang3\3.18.0\commons-lang3-3.18.0.jar;C:\Users\chand\.m2\repository\org\testng\testng\7.11.0\testng-7.11.0.jar;C:\Users\chand\.m2\repository\org\jcommander\jcommander\1.83\jcommander-1.83.jar;C:\Users\chand\.m2\repository\org\webjars\jquery\3.7.1\jquery-3.7.1.jar;C:\Users\chand\.m2\repository\com\aventstack\extentreports\5.1.2\extentreports-5.1.2.jar;C:\Users\chand\.m2\repository\io\reactivex\rxjava3\rxjava\3.1.6\rxjava-3.1.6.jar;C:\Users\chand\.m2\repository\org\reactivestreams\reactive-streams\1.0.4\reactive-streams-1.0.4.jar;C:\Users\chand\.m2\repository\org\freemarker\freemarker\2.3.32\freemarker-2.3.32.jar;C:\Users\chand\.m2\repository\org\projectlombok\lombok\1.18.26\lombok-1.18.26.jar;C:\Users\chand\.m2\repository\com\google\code\gson\gson\2.10.1\gson-2.10.1.jar
Launcher Type: SUN_STANDARD

[Global flags]
     intx CICompilerCount                          = 4                                         {product} {ergonomic}
     uint ConcGCThreads                            = 2                                         {product} {ergonomic}
     uint G1ConcRefinementThreads                  = 8                                         {product} {ergonomic}
   size_t G1HeapRegionSize                         = 1048576                                   {product} {ergonomic}
   size_t InitialHeapSize                          = 121634816                                 {product} {ergonomic}
   size_t MarkStackSize                            = 4194304                                   {product} {ergonomic}
   size_t MaxHeapSize                              = 1935671296                                {product} {ergonomic}
   size_t MaxNewSize                               = 1160773632                                {product} {ergonomic}
   size_t MinHeapDeltaBytes                        = 1048576                                   {product} {ergonomic}
   size_t MinHeapSize                              = 8388608                                   {product} {ergonomic}
    uintx NonNMethodCodeHeapSize                   = 5839372                                {pd product} {ergonomic}
    uintx NonProfiledCodeHeapSize                  = 122909434                              {pd product} {ergonomic}
    uintx ProfiledCodeHeapSize                     = 122909434                              {pd product} {ergonomic}
    uintx ReservedCodeCacheSize                    = 251658240                              {pd product} {ergonomic}
     bool SegmentedCodeCache                       = true                                      {product} {ergonomic}
     bool ShowCodeDetailsInExceptionMessages       = true                                   {manageable} {command line}
   size_t SoftMaxHeapSize                          = 1935671296                             {manageable} {ergonomic}
     bool UseCompressedOops                        = true                           {product lp64_product} {ergonomic}
     bool UseG1GC                                  = true                                      {product} {ergonomic}
     bool UseLargePagesIndividualAllocation        = false                                  {pd product} {ergonomic}

Logging:
Log output configuration:
 #0: stdout all=warning uptime,level,tags foldmultilines=false
 #1: stderr all=off uptime,level,tags foldmultilines=false

Environment Variables:
PATH=C:\Program Files\Common Files\Oracle\Java\javapath;C:\Windows\system32;C:\Windows;C:\Windows\System32\Wbem;C:\Windows\System32\WindowsPowerShell\v1.0\;C:\Windows\System32\OpenSSH\;C:\Program Files\dotnet\;C:\Program Files\nodejs\;C:\Users\chand\Downloads\node-v20.15.1-x64.msi;C:\Program Files\Java\jdk-22\bin;C:\Program Files\Git\cmd;C:\Program Files\Git\mingw64\bin;C:\Program Files\Git\usr\bin;C:\Users\chand\Downloads;C:\Users\chand\AppData\Roaming\npm;C:\Users\chand\Downloads\ffmpeg-7.0.2;C:\Windows\system32\config\systemprofile\AppData\Local\Muse Hub\lib;C:\Users\chand\AppData\Local\Programs\Python\Python313\Scripts\;C:\Users\chand\AppData\Local\Programs\Python\Python313\;C:\Program Files\MySQL\MySQL Shell 8.0\bin\;%PATH:C:\Program Files\MySQL\MySQL Server 8.0\bin;%;C:\Users\chand\AppData\Local\Programs\Microsoft VS Code\bin;C:\Users\chand\AppData\Local\Programs\Fiddler;C:\ffmpeg\ffmpeg-2025-02-20-git-bc1a3bfd2c-full_build\ffmpeg-2025-02-20-git-bc1a3bfd2c-full_build\bin;C:\Users\chand\AppData\Local\Muse Hub\lib
USERNAME=chand
OS=Windows_NT
PROCESSOR_IDENTIFIER=AMD64 Family 23 Model 160 Stepping 0, AuthenticAMD
TMP=C:\Users\chand\AppData\Local\Temp
TEMP=C:\Users\chand\AppData\Local\Temp




Periodic native trim disabled

---------------  S Y S T E M  ---------------

OS:
 Windows 11 , 64 bit Build 22621 (10.0.22621.4391)
OS uptime: 0 days 2:50 hours
Hyper-V role detected

CPU: total 8 (initial active 8) (8 cores per cpu, 2 threads per core) family 23 model 160 stepping 0 microcode 0x0, cx8, cmov, fxsr, ht, mmx, 3dnowpref, sse, sse2, sse3, ssse3, sse4a, sse4.1, sse4.2, popcnt, lzcnt, tsc, tscinvbit, avx, avx2, aes, clmul, bmi1, bmi2, adx, sha, fma, vzeroupper, clflush, clflushopt, hv, rdtscp, rdpid, f16c
Processor Information for all 8 processors :
  Max Mhz: 2801, Current Mhz: 2801, Mhz Limit: 2801

Memory: 4k page, system-wide physical 7379M (566M free)
TotalPageFile size 24787M (AvailPageFile size 7764M)
current process WorkingSet (physical memory assigned to process): 94M, peak: 103M
current process commit charge ("private bytes"): 221M, peak: 229M

vm_info: Java HotSpot(TM) 64-Bit Server VM (22.0.2+9-70) for windows-amd64 JRE (22.0.2+9-70), built on 2024-06-04T16:52:23Z by "mach5one" with MS VC++ 17.6 (VS2022)

END.
